0 info it worked if it ends with ok
1 verbose cli [ 'node', '/usr/local/bin/npm', 'install', '-S', 'immutablejs' ]
2 info using npm@1.4.28
3 info using node@v0.10.33
4 verbose cache add [ 'immutablejs', null ]
5 verbose cache add name=undefined spec="immutablejs" args=["immutablejs",null]
6 verbose parsed url { protocol: null,
6 verbose parsed url   slashes: null,
6 verbose parsed url   auth: null,
6 verbose parsed url   host: null,
6 verbose parsed url   port: null,
6 verbose parsed url   hostname: null,
6 verbose parsed url   hash: null,
6 verbose parsed url   search: null,
6 verbose parsed url   query: null,
6 verbose parsed url   pathname: 'immutablejs',
6 verbose parsed url   path: 'immutablejs',
6 verbose parsed url   href: 'immutablejs' }
7 silly lockFile 213e8f8e-immutablejs immutablejs
8 verbose lock immutablejs /Users/reed/.npm/213e8f8e-immutablejs.lock
9 silly lockFile 213e8f8e-immutablejs immutablejs
10 silly lockFile 213e8f8e-immutablejs immutablejs
11 verbose addNamed [ 'immutablejs', '' ]
12 verbose addNamed [ null, '*' ]
13 silly lockFile 731bcd14-immutablejs immutablejs@
14 verbose lock immutablejs@ /Users/reed/.npm/731bcd14-immutablejs.lock
15 silly addNameRange { name: 'immutablejs', range: '*', hasData: false }
16 verbose request where is /immutablejs
17 verbose request registry https://registry.npmjs.org/
18 verbose request id e656f887e78c3d89
19 verbose url raw /immutablejs
20 verbose url resolving [ 'https://registry.npmjs.org/', './immutablejs' ]
21 verbose url resolved https://registry.npmjs.org/immutablejs
22 verbose request where is https://registry.npmjs.org/immutablejs
23 info trying registry request attempt 1 at 12:32:54
24 http GET https://registry.npmjs.org/immutablejs
25 http 404 https://registry.npmjs.org/immutablejs
26 verbose headers { server: 'CouchDB/1.5.0 (Erlang OTP/R16B03)',
26 verbose headers   'content-type': 'application/json',
26 verbose headers   'cache-control': 'max-age=0',
26 verbose headers   'content-length': '51',
26 verbose headers   'accept-ranges': 'bytes',
26 verbose headers   date: 'Sun, 24 May 2015 16:32:54 GMT',
26 verbose headers   via: '1.1 varnish',
26 verbose headers   age: '0',
26 verbose headers   connection: 'keep-alive',
26 verbose headers   'x-served-by': 'cache-jfk1027-JFK',
26 verbose headers   'x-cache': 'MISS',
26 verbose headers   'x-cache-hits': '0',
26 verbose headers   'x-timer': 'S1432485174.891673,VS0,VE23' }
27 silly registry.get cb [ 404,
27 silly registry.get   { server: 'CouchDB/1.5.0 (Erlang OTP/R16B03)',
27 silly registry.get     'content-type': 'application/json',
27 silly registry.get     'cache-control': 'max-age=0',
27 silly registry.get     'content-length': '51',
27 silly registry.get     'accept-ranges': 'bytes',
27 silly registry.get     date: 'Sun, 24 May 2015 16:32:54 GMT',
27 silly registry.get     via: '1.1 varnish',
27 silly registry.get     age: '0',
27 silly registry.get     connection: 'keep-alive',
27 silly registry.get     'x-served-by': 'cache-jfk1027-JFK',
27 silly registry.get     'x-cache': 'MISS',
27 silly registry.get     'x-cache-hits': '0',
27 silly registry.get     'x-timer': 'S1432485174.891673,VS0,VE23' } ]
28 silly lockFile 731bcd14-immutablejs immutablejs@
29 silly lockFile 731bcd14-immutablejs immutablejs@
30 error 404 404 Not Found: immutablejs
30 error 404
30 error 404 'immutablejs' is not in the npm registry.
30 error 404 You should bug the author to publish it
30 error 404
30 error 404 Note that you can also install from a
30 error 404 tarball, folder, or http url, or git url.
31 error System Darwin 13.4.0
32 error command "node" "/usr/local/bin/npm" "install" "-S" "immutablejs"
33 error cwd /Users/reed/work/pretzel_games/programming_game
34 error node -v v0.10.33
35 error npm -v 1.4.28
36 error code E404
37 verbose exit [ 1, true ]
